<?xml version="1.0" encoding="UTF-8"?>
<!-- Generated by org.testng.reporters.JUnitXMLReporter -->
<testsuite hostname="wjn" ignored="6" name="Default test" tests="1" failures="0" timestamp="23 十一月 2017 08:37:32 GMT" time="24.141" errors="0">
  <testcase name="six" time="14.298" classname="action.chanpinTest"/>
  <testcase name="five_d" time="0.0" classname="action.chanpinTest">
    <ignored/>
  </testcase> <!-- five_d -->
  <testcase name="three" time="0.0" classname="action.chanpinTest">
    <ignored/>
  </testcase> <!-- three -->
  <testcase name="two" time="0.0" classname="action.chanpinTest">
    <ignored/>
  </testcase> <!-- two -->
  <testcase name="four" time="0.0" classname="action.chanpinTest">
    <ignored/>
  </testcase> <!-- four -->
  <testcase name="one" time="0.0" classname="action.chanpinTest">
    <ignored/>
  </testcase> <!-- one -->
  <testcase name="five" time="0.0" classname="action.chanpinTest">
    <ignored/>
  </testcase> <!-- five -->
</testsuite> <!-- Default test -->
